# JRE version: Java(TM) SE Runtime Environment (8.0_144-b01) (build 1.8.0_144-b01)
# Java VM: Java HotSpot(TM) 64-Bit Server VM (25.144-b01 mixed mode windows-amd64 compressed oops)
Heap:
 PSYoungGen      total 38400K, used 8699K [0x00000000d5d00000, 0x00000000d8780000, 0x0000000100000000)
  eden space 33280K, 23% used [0x00000000d5d00000,0x00000000d6493d78,0x00000000d7d80000)
  from space 5120K, 18% used [0x00000000d7d80000,0x00000000d7e6b020,0x00000000d8280000)
  to   space 5120K, 0% used [0x00000000d8280000,0x00000000d8280000,0x00000000d8780000)
 ParOldGen       total 59904K, used 10458K [0x0000000081600000, 0x0000000085080000, 0x00000000d5d00000)
  object space 59904K, 17% used [0x0000000081600000,0x0000000082036a80,0x0000000085080000)
 Metaspace       used 21314K, capacity 21666K, committed 22016K, reserved 1069056K
  class space    used 2341K, capacity 2463K, committed 2560K, reserved 1048576K
GC Heap History (10 events):
Event: 1.767 GC heap before
{Heap before GC invocations=20 (full 10):
 PSYoungGen      total 38400K, used 992K [0x00000000d5d00000, 0x00000000d8780000, 0x0000000100000000)
  eden space 33280K, 0% used [0x00000000d5d00000,0x00000000d5d00000,0x00000000d7d80000)
  from space 5120K, 19% used [0x00000000d8280000,0x00000000d8378000,0x00000000d8780000)
  to   space 5120K, 0% used [0x00000000d7d80000,0x00000000d7d80000,0x00000000d8280000)
 ParOldGen       total 87552K, used 7512K [0x0000000081600000, 0x0000000086b80000, 0x00000000d5d00000)
  object space 87552K, 8% used [0x0000000081600000,0x0000000081d56278,0x0000000086b80000)
 Metaspace       used 8408K, capacity 8540K, committed 8704K, reserved 1056768K
  class space    used 901K, capacity 948K, committed 1024K, reserved 1048576K
Event: 1.783 GC heap after
Heap after GC invocations=20 (full 10):
 PSYoungGen      total 38400K, used 0K [0x00000000d5d00000, 0x00000000d8780000, 0x0000000100000000)
  eden space 33280K, 0% used [0x00000000d5d00000,0x00000000d5d00000,0x00000000d7d80000)
  from space 5120K, 0% used [0x00000000d8280000,0x00000000d8280000,0x00000000d8780000)
  to   space 5120K, 0% used [0x00000000d7d80000,0x00000000d7d80000,0x00000000d8280000)
 ParOldGen       total 87552K, used 8442K [0x0000000081600000, 0x0000000086b80000, 0x00000000d5d00000)
  object space 87552K, 9% used [0x0000000081600000,0x0000000081e3e948,0x0000000086b80000)
 Metaspace       used 8408K, capacity 8540K, committed 8704K, reserved 1056768K
  class space    used 901K, capacity 948K, committed 1024K, reserved 1048576K
}
Event: 3.832 GC heap before
{Heap before GC invocations=21 (full 10):
 PSYoungGen      total 38400K, used 33108K [0x00000000d5d00000, 0x00000000d8780000, 0x0000000100000000)
  eden space 33280K, 99% used [0x00000000d5d00000,0x00000000d7d55340,0x00000000d7d80000)
  from space 5120K, 0% used [0x00000000d8280000,0x00000000d8280000,0x00000000d8780000)
  to   space 5120K, 0% used [0x00000000d7d80000,0x00000000d7d80000,0x00000000d8280000)
 ParOldGen       total 87552K, used 8442K [0x0000000081600000, 0x0000000086b80000, 0x00000000d5d00000)
  object space 87552K, 9% used [0x0000000081600000,0x0000000081e3e948,0x0000000086b80000)
 Metaspace       used 18309K, capacity 18640K, committed 18944K, reserved 1067008K
  class space    used 2125K, capacity 2230K, committed 2304K, reserved 1048576K
Event: 3.837 GC heap after
Heap after GC invocations=21 (full 10):
 PSYoungGen      total 38400K, used 5118K [0x00000000d5d00000, 0x00000000d8780000, 0x0000000100000000)
  eden space 33280K, 0% used [0x00000000d5d00000,0x00000000d5d00000,0x00000000d7d80000)
  from space 5120K, 99% used [0x00000000d7d80000,0x00000000d827f888,0x00000000d8280000)
  to   space 5120K, 0% used [0x00000000d8280000,0x00000000d8280000,0x00000000d8780000)
 ParOldGen       total 87552K, used 11778K [0x0000000081600000, 0x0000000086b80000, 0x00000000d5d00000)
  object space 87552K, 13% used [0x0000000081600000,0x0000000082180a00,0x0000000086b80000)
 Metaspace       used 18309K, capacity 18640K, committed 18944K, reserved 1067008K
  class space    used 2125K, capacity 2230K, committed 2304K, reserved 1048576K
}
Event: 7.569 GC heap before
{Heap before GC invocations=22 (full 10):
 PSYoungGen      total 38400K, used 18378K [0x00000000d5d00000, 0x00000000d8780000, 0x0000000100000000)
  eden space 33280K, 39% used [0x00000000d5d00000,0x00000000d69f30f8,0x00000000d7d80000)
  from space 5120K, 99% used [0x00000000d7d80000,0x00000000d827f888,0x00000000d8280000)
  to   space 5120K, 0% used [0x00000000d8280000,0x00000000d8280000,0x00000000d8780000)
 ParOldGen       total 87552K, used 11778K [0x0000000081600000, 0x0000000086b80000, 0x00000000d5d00000)
  object space 87552K, 13% used [0x0000000081600000,0x0000000082180a00,0x0000000086b80000)
 Metaspace       used 20617K, capacity 20926K, committed 21248K, reserved 1069056K
  class space    used 2336K, capacity 2457K, committed 2560K, reserved 1048576K
Event: 7.577 GC heap after
Heap after GC invocations=22 (full 10):
 PSYoungGen      total 38400K, used 5114K [0x00000000d5d00000, 0x00000000d8780000, 0x0000000100000000)
  eden space 33280K, 0% used [0x00000000d5d00000,0x00000000d5d00000,0x00000000d7d80000)
  from space 5120K, 99% used [0x00000000d8280000,0x00000000d877e808,0x00000000d8780000)
  to   space 5120K, 0% used [0x00000000d7d80000,0x00000000d7d80000,0x00000000d8280000)
 ParOldGen       total 87552K, used 13102K [0x0000000081600000, 0x0000000086b80000, 0x00000000d5d00000)
  object space 87552K, 14% used [0x0000000081600000,0x00000000822cb930,0x0000000086b80000)
 Metaspace       used 20617K, capacity 20926K, committed 21248K, reserved 1069056K
  class space    used 2336K, capacity 2457K, committed 2560K, reserved 1048576K
}
Event: 7.577 GC heap before
{Heap before GC invocations=23 (full 11):
 PSYoungGen      total 38400K, used 5114K [0x00000000d5d00000, 0x00000000d8780000, 0x0000000100000000)
  eden space 33280K, 0% used [0x00000000d5d00000,0x00000000d5d00000,0x00000000d7d80000)
  from space 5120K, 99% used [0x00000000d8280000,0x00000000d877e808,0x00000000d8780000)
  to   space 5120K, 0% used [0x00000000d7d80000,0x00000000d7d80000,0x00000000d8280000)
 ParOldGen       total 87552K, used 13102K [0x0000000081600000, 0x0000000086b80000, 0x00000000d5d00000)
  object space 87552K, 14% used [0x0000000081600000,0x00000000822cb930,0x0000000086b80000)
 Metaspace       used 20617K, capacity 20926K, committed 21248K, reserved 1069056K
  class space    used 2336K, capacity 2457K, committed 2560K, reserved 1048576K
Event: 7.610 GC heap after
Heap after GC invocations=23 (full 11):
 PSYoungGen      total 38400K, used 0K [0x00000000d5d00000, 0x00000000d8780000, 0x0000000100000000)
  eden space 33280K, 0% used [0x00000000d5d00000,0x00000000d5d00000,0x00000000d7d80000)
  from space 5120K, 0% used [0x00000000d8280000,0x00000000d8280000,0x00000000d8780000)
  to   space 5120K, 0% used [0x00000000d7d80000,0x00000000d7d80000,0x00000000d8280000)
 ParOldGen       total 59904K, used 10450K [0x0000000081600000, 0x0000000085080000, 0x00000000d5d00000)
  object space 59904K, 17% used [0x0000000081600000,0x0000000082034a80,0x0000000085080000)
 Metaspace       used 20617K, capacity 20926K, committed 21248K, reserved 1069056K
  class space    used 2336K, capacity 2457K, committed 2560K, reserved 1048576K
}
Event: 24.534 GC heap before
{Heap before GC invocations=24 (full 11):
 PSYoungGen      total 38400K, used 33192K [0x00000000d5d00000, 0x00000000d8780000, 0x0000000100000000)
  eden space 33280K, 99% used [0x00000000d5d00000,0x00000000d7d6a010,0x00000000d7d80000)
  from space 5120K, 0% used [0x00000000d8280000,0x00000000d8280000,0x00000000d8780000)
  to   space 5120K, 0% used [0x00000000d7d80000,0x00000000d7d80000,0x00000000d8280000)
 ParOldGen       total 59904K, used 10450K [0x0000000081600000, 0x0000000085080000, 0x00000000d5d00000)
  object space 59904K, 17% used [0x0000000081600000,0x0000000082034a80,0x0000000085080000)
 Metaspace       used 21258K, capacity 21602K, committed 22016K, reserved 1069056K
  class space    used 2341K, capacity 2463K, committed 2560K, reserved 1048576K
Event: 24.540 GC heap after
Heap after GC invocations=24 (full 11):
 PSYoungGen      total 38400K, used 940K [0x00000000d5d00000, 0x00000000d8780000, 0x0000000100000000)
  eden space 33280K, 0% used [0x00000000d5d00000,0x00000000d5d00000,0x00000000d7d80000)
  from space 5120K, 18% used [0x00000000d7d80000,0x00000000d7e6b020,0x00000000d8280000)
  to   space 5120K, 0% used [0x00000000d8280000,0x00000000d8280000,0x00000000d8780000)
 ParOldGen       total 59904K, used 10458K [0x0000000081600000, 0x0000000085080000, 0x00000000d5d00000)
  object space 59904K, 17% used [0x0000000081600000,0x0000000082036a80,0x0000000085080000)
 Metaspace       used 21258K, capacity 21602K, committed 22016K, reserved 1069056K
  class space    used 2341K, capacity 2463K, committed 2560K, reserved 1048576K
}

